<?xml version="1.0" encoding="UTF-8"?>
<testsuite xmlns:xsi="http://www.w3.org/2001/XMLSchema-instance" xsi:noNamespaceSchemaLocation="https://maven.apache.org/surefire/maven-surefire-plugin/xsd/surefire-test-report.xsd" version="3.0.2" name="dev.stat.chat.ChatResourceTest" time="6.231" tests="6" errors="0" skipped="0" failures="0">
  <properties>
[...]
</properties>
  <testcase name="functionCall_logsNutritionAndReturnsConfirmation" classname="dev.stat.chat.ChatResourceTest" time="1.493">
    <system-out><![CDATA[2026-04-19 12:53:16,861 INFO  [io.quarkus] (main) stat-backend 1.0.0-SNAPSHOT on JVM (powered by Quarkus 3.17.8) started in 2.817s. Listening on: http://localhost:56524
2026-04-19 12:53:16,862 INFO  [io.quarkus] (main) Profile test activated. 
2026-04-19 12:53:16,862 INFO  [io.quarkus] (main) Installed features: [cdi, hibernate-validator, rest, rest-client, rest-client-jackson, rest-jackson, smallrye-context-propagation, vertx]
2026-04-19 12:53:18,500 INFO  [dev.sta.cha.ser.ChatService] (executor-thread-1) Function call executed: log_nutrition(500, 30, 60, 20)
]]></system-out>
    <system-err><![CDATA[Mockito is currently self-attaching to enable the inline-mock-maker. This will no longer work in future releases of the JDK. Please add Mockito as an agent to your build what is described in Mockito's documentation: https://javadoc.io/doc/org.mockito/mockito-core/latest/org/mockito/Mockito.html#0.3
WARNING: A Java agent has been loaded dynamically (C:\Users\lehmt\.m2\repository\net\bytebuddy\byte-buddy-agent\1.15.4\byte-buddy-agent-1.15.4.jar)
WARNING: If a serviceability tool is in use, please run with -XX:+EnableDynamicAgentLoading to hide this warning
WARNING: If a serviceability tool is not in use, please run with -Djdk.instrument.traceUsage for more information
WARNING: Dynamic loading of agents will be disallowed by default in a future release
]]></system-err>
  </testcase>
  <testcase name="missingCurrentMessage_returns400" classname="dev.stat.chat.ChatResourceTest" time="0.027"/>
  <testcase name="happyPath_returnsReplyAndMetrics" classname="dev.stat.chat.ChatResourceTest" time="0.053"/>
  <testcase name="influxDbFailure_returns503WithErrorDetails" classname="dev.stat.chat.ChatResourceTest" time="0.033"/>
  <testcase name="llmFailure_returns503WithErrorDetails" classname="dev.stat.chat.ChatResourceTest" time="0.031"/>
  <testcase name="spoonacularFailure_returns503WithErrorDetails" classname="dev.stat.chat.ChatResourceTest" time="0.028"/>
</testsuite>